build/app/intermediates/manifest_merge_blame_file/release/manifest-merger-blame-release-report.txt
1<?xml version="1.0" encoding="utf-8"?>
2<manifest xmlns:android="http://schemas.android.com/apk/res/android"
3    package="com.example.covid19cj"
4    android:versionCode="1"
5    android:versionName="1.0.0" >
6
7    <uses-sdk
8        android:minSdkVersion="16"
8-->src/main/AndroidManifest.xml
9        android:targetSdkVersion="28" />
9-->src/main/AndroidManifest.xml
10    <!--
11         io.flutter.app.FlutterApplication is an android.app.Application that
12         calls FlutterMain.startInitialization(this); in its onCreate method.
13         In most cases you can leave this as-is, but you if you want to provide
14         additional functionality it is fine to subclass or reimplement
15         FlutterApplication and put your custom class here.
16    -->
17    <uses-permission android:name="android.permission.INTERNET" />
17-->src/main/AndroidManifest.xml:8:5-67
17-->src/main/AndroidManifest.xml:8:22-64
18
19    <application
19-->src/main/AndroidManifest.xml:9:5-31:19
20        android:name="io.flutter.app.FlutterApplication"
20-->src/main/AndroidManifest.xml:10:9-57
21        android:appComponentFactory="androidx.core.app.CoreComponentFactory"
21-->[androidx.core:core:1.0.0] AndroidManifest.xml:22:18-86
22        android:icon="@mipmap/ic_launcher"
22-->src/main/AndroidManifest.xml:12:9-43
23        android:label="Covid Tracker" >
23-->src/main/AndroidManifest.xml:11:9-38
24        <activity
24-->src/main/AndroidManifest.xml:13:9-25:20
25            android:name="com.example.covid19cj.MainActivity"
25-->src/main/AndroidManifest.xml:14:13-41
26            android:configChanges="orientation|keyboardHidden|keyboard|screenSize|smallestScreenSize|locale|layoutDirection|fontScale|screenLayout|density|uiMode"
26-->src/main/AndroidManifest.xml:17:13-163
27            android:hardwareAccelerated="true"
27-->src/main/AndroidManifest.xml:18:13-47
28            android:launchMode="singleTop"
28-->src/main/AndroidManifest.xml:15:13-43
29            android:screenOrientation="portrait"
29-->src/main/AndroidManifest.xml:19:13-49
30            android:theme="@style/LaunchTheme"
30-->src/main/AndroidManifest.xml:16:13-47
31            android:windowSoftInputMode="adjustResize" >
31-->src/main/AndroidManifest.xml:20:13-55
32            <intent-filter>
32-->src/main/AndroidManifest.xml:21:13-24:29
33                <action android:name="android.intent.action.MAIN" />
33-->src/main/AndroidManifest.xml:22:17-68
33-->src/main/AndroidManifest.xml:22:25-66
34
35                <category android:name="android.intent.category.LAUNCHER" />
35-->src/main/AndroidManifest.xml:23:17-76
35-->src/main/AndroidManifest.xml:23:27-74
36            </intent-filter>
37        </activity>
38        <!--
39             Don't delete the meta-data below.
40             This is used by the Flutter tool to generate GeneratedPluginRegistrant.java
41        -->
42        <meta-data
42-->src/main/AndroidManifest.xml:28:9-30:33
43            android:name="flutterEmbedding"
43-->src/main/AndroidManifest.xml:29:13-44
44            android:value="2" />
44-->src/main/AndroidManifest.xml:30:13-30
45
46        <activity
46-->[:url_launcher] AndroidManifest.xml:8:9-11:74
47            android:name="io.flutter.plugins.urllauncher.WebViewActivity"
47-->[:url_launcher] AndroidManifest.xml:9:13-74
48            android:exported="false"
48-->[:url_launcher] AndroidManifest.xml:10:13-37
49            android:theme="@android:style/Theme.NoTitleBar.Fullscreen" />
49-->[:url_launcher] AndroidManifest.xml:11:13-71
50    </application>
51
52</manifest>